<?xml version="1.0" encoding="UTF-8"?>
<coverage generated="1754649593384" clover="3.2.0">
  <project timestamp="1754649593384" name="All files">
    <metrics statements="178" coveredstatements="161" conditionals="61" coveredconditionals="44" methods="29" coveredmethods="27" elements="268" coveredelements="232" complexity="0" loc="178" ncloc="178" packages="1" files="1" classes="1"/>
    <file name="linkIntegrityService.ts" path="/home/jtaylor/wombat-track-scaffold/wombat-track/src/services/automation/linkIntegrityService.ts">
      <metrics statements="178" coveredstatements="161" conditionals="61" coveredconditionals="44" methods="29" coveredmethods="27"/>
      <line num="7" count="1" type="stmt"/>
      <line num="8" count="1" type="stmt"/>
      <line num="9" count="1" type="stmt"/>
      <line num="58" count="1" type="stmt"/>
      <line num="60" count="1" type="stmt"/>
      <line num="61" count="1" type="stmt"/>
      <line num="66" count="1" type="cond" truecount="1" falsecount="0"/>
      <line num="67" count="1" type="stmt"/>
      <line num="69" count="1" type="stmt"/>
      <line num="73" count="28" type="cond" truecount="1" falsecount="0"/>
      <line num="76" count="1" type="stmt"/>
      <line num="77" count="1" type="stmt"/>
      <line num="79" count="1" type="stmt"/>
      <line num="86" count="28" type="stmt"/>
      <line num="88" count="28" type="stmt"/>
      <line num="89" count="28" type="stmt"/>
      <line num="91" count="28" type="stmt"/>
      <line num="93" count="28" type="stmt"/>
      <line num="97" count="27" type="stmt"/>
      <line num="100" count="27" type="stmt"/>
      <line num="101" count="81" type="stmt"/>
      <line num="102" count="81" type="stmt"/>
      <line num="105" count="27" type="stmt"/>
      <line num="106" count="27" type="stmt"/>
      <line num="109" count="27" type="stmt"/>
      <line num="111" count="27" type="stmt"/>
      <line num="113" count="108" type="stmt"/>
      <line num="114" count="108" type="stmt"/>
      <line num="115" count="108" type="stmt"/>
      <line num="122" count="27" type="stmt"/>
      <line num="123" count="27" type="stmt"/>
      <line num="126" count="1" type="stmt"/>
      <line num="127" count="1" type="cond" truecount="1" falsecount="1"/>
      <line num="135" count="81" type="stmt"/>
      <line num="138" count="81" type="cond" truecount="1" falsecount="0"/>
      <line num="139" count="81" type="stmt"/>
      <line num="140" count="81" type="cond" truecount="1" falsecount="0"/>
      <line num="144" count="81" type="cond" truecount="1" falsecount="0"/>
      <line num="145" count="54" type="stmt"/>
      <line num="146" count="54" type="cond" truecount="1" falsecount="0"/>
      <line num="150" count="81" type="cond" truecount="1" falsecount="0"/>
      <line num="151" count="54" type="stmt"/>
      <line num="152" count="54" type="cond" truecount="1" falsecount="0"/>
      <line num="156" count="81" type="cond" truecount="3" falsecount="0"/>
      <line num="157" count="27" type="stmt"/>
      <line num="158" count="27" type="cond" truecount="1" falsecount="0"/>
      <line num="159" count="27" type="stmt"/>
      <line num="160" count="27" type="cond" truecount="1" falsecount="0"/>
      <line num="165" count="81" type="stmt"/>
      <line num="173" count="81" type="stmt"/>
      <line num="175" count="81" type="cond" truecount="1" falsecount="0"/>
      <line num="176" count="27" type="stmt"/>
      <line num="189" count="54" type="cond" truecount="0" falsecount="1"/>
      <line num="190" count="0" type="stmt"/>
      <line num="202" count="54" type="stmt"/>
      <line num="210" count="54" type="stmt"/>
      <line num="212" count="54" type="cond" truecount="0" falsecount="1"/>
      <line num="213" count="0" type="stmt"/>
      <line num="226" count="54" type="cond" truecount="1" falsecount="0"/>
      <line num="227" count="54" type="stmt"/>
      <line num="228" count="54" type="cond" truecount="1" falsecount="0"/>
      <line num="229" count="27" type="stmt"/>
      <line num="242" count="27" type="stmt"/>
      <line num="250" count="54" type="stmt"/>
      <line num="252" count="54" type="cond" truecount="1" falsecount="0"/>
      <line num="253" count="27" type="stmt"/>
      <line num="266" count="27" type="cond" truecount="0" falsecount="1"/>
      <line num="267" count="0" type="stmt"/>
      <line num="279" count="27" type="stmt"/>
      <line num="286" count="27" type="stmt"/>
      <line num="287" count="27" type="stmt"/>
      <line num="289" count="27" type="cond" truecount="1" falsecount="0"/>
      <line num="290" count="27" type="stmt"/>
      <line num="303" count="0" type="cond" truecount="0" falsecount="1"/>
      <line num="304" count="0" type="stmt"/>
      <line num="317" count="0" type="stmt"/>
      <line num="329" count="0" type="stmt"/>
      <line num="336" count="27" type="stmt"/>
      <line num="337" count="108" type="stmt"/>
      <line num="345" count="108" type="stmt"/>
      <line num="347" count="108" type="stmt"/>
      <line num="348" count="108" type="cond" truecount="4" falsecount="0"/>
      <line num="350" count="27" type="stmt"/>
      <line num="351" count="27" type="stmt"/>
      <line num="353" count="27" type="stmt"/>
      <line num="354" count="27" type="stmt"/>
      <line num="356" count="27" type="stmt"/>
      <line num="357" count="27" type="stmt"/>
      <line num="359" count="27" type="stmt"/>
      <line num="360" count="27" type="stmt"/>
      <line num="363" count="0" type="stmt"/>
      <line num="366" count="108" type="stmt"/>
      <line num="373" count="27" type="stmt"/>
      <line num="376" count="27" type="stmt"/>
      <line num="377" count="27" type="stmt"/>
      <line num="383" count="26" type="stmt"/>
      <line num="384" count="26" type="cond" truecount="3" falsecount="0"/>
      <line num="385" count="26" type="stmt"/>
      <line num="394" count="1" type="stmt"/>
      <line num="398" count="27" type="cond" truecount="0" falsecount="1"/>
      <line num="399" count="0" type="stmt"/>
      <line num="400" count="0" type="cond" truecount="0" falsecount="1"/>
      <line num="401" count="0" type="stmt"/>
      <line num="410" count="27" type="stmt"/>
      <line num="417" count="27" type="stmt"/>
      <line num="419" count="27" type="stmt"/>
      <line num="421" count="27" type="stmt"/>
      <line num="422" count="27" type="cond" truecount="0" falsecount="1"/>
      <line num="425" count="27" type="cond" truecount="1" falsecount="0"/>
      <line num="426" count="27" type="stmt"/>
      <line num="429" count="27" type="stmt"/>
      <line num="438" count="26" type="stmt"/>
      <line num="439" count="26" type="cond" truecount="0" falsecount="1"/>
      <line num="440" count="0" type="stmt"/>
      <line num="450" count="1" type="stmt"/>
      <line num="453" count="27" type="stmt"/>
      <line num="460" count="27" type="stmt"/>
      <line num="463" count="27" type="stmt"/>
      <line num="464" count="27" type="cond" truecount="1" falsecount="0"/>
      <line num="465" count="27" type="stmt"/>
      <line num="474" count="27" type="stmt"/>
      <line num="483" count="27" type="stmt"/>
      <line num="484" count="162" type="cond" truecount="2" falsecount="1"/>
      <line num="486" count="0" type="stmt"/>
      <line num="495" count="27" type="stmt"/>
      <line num="502" count="27" type="stmt"/>
      <line num="504" count="27" type="stmt"/>
      <line num="506" count="27" type="stmt"/>
      <line num="512" count="26" type="stmt"/>
      <line num="513" count="26" type="cond" truecount="1" falsecount="0"/>
      <line num="514" count="26" type="stmt"/>
      <line num="523" count="1" type="stmt"/>
      <line num="526" count="27" type="stmt"/>
      <line num="533" count="8" type="stmt"/>
      <line num="534" count="30" type="stmt"/>
      <line num="535" count="8" type="cond" truecount="1" falsecount="0"/>
      <line num="536" count="1" type="stmt"/>
      <line num="548" count="7" type="stmt"/>
      <line num="549" count="7" type="cond" truecount="1" falsecount="0"/>
      <line num="550" count="1" type="stmt"/>
      <line num="562" count="6" type="stmt"/>
      <line num="564" count="6" type="cond" truecount="5" falsecount="0"/>
      <line num="566" count="2" type="stmt"/>
      <line num="567" count="2" type="stmt"/>
      <line num="569" count="1" type="stmt"/>
      <line num="570" count="1" type="stmt"/>
      <line num="572" count="1" type="stmt"/>
      <line num="573" count="1" type="stmt"/>
      <line num="575" count="1" type="stmt"/>
      <line num="576" count="1" type="stmt"/>
      <line num="579" count="1" type="stmt"/>
      <line num="583" count="5" type="stmt"/>
      <line num="585" count="4" type="cond" truecount="0" falsecount="1"/>
      <line num="586" count="0" type="stmt"/>
      <line num="598" count="4" type="stmt"/>
      <line num="600" count="4" type="stmt"/>
      <line num="611" count="2" type="stmt"/>
      <line num="627" count="4" type="stmt"/>
      <line num="628" count="4" type="stmt"/>
      <line num="638" count="4" type="stmt"/>
      <line num="640" count="0" type="stmt"/>
      <line num="648" count="8" type="stmt"/>
      <line num="656" count="54" type="stmt"/>
      <line num="657" count="54" type="stmt"/>
      <line num="662" count="54" type="stmt"/>
      <line num="664" count="0" type="stmt"/>
      <line num="670" count="27" type="stmt"/>
      <line num="679" count="27" type="cond" truecount="1" falsecount="1"/>
      <line num="687" count="3" type="cond" truecount="0" falsecount="1"/>
      <line num="688" count="0" type="stmt"/>
      <line num="691" count="12" type="cond" truecount="1" falsecount="1"/>
      <line num="693" count="3" type="cond" truecount="1" falsecount="0"/>
      <line num="694" count="2" type="stmt"/>
      <line num="697" count="1" type="stmt"/>
      <line num="698" count="4" type="stmt"/>
      <line num="699" count="4" type="cond" truecount="2" falsecount="0"/>
      <line num="702" count="1" type="stmt"/>
      <line num="706" count="1" type="stmt"/>
    </file>
  </project>
</coverage>
