{"/home/jtaylor/wombat-track-scaffold/wombat-track/src/services/automation/linkIntegrityService.ts": {"path":"/home/jtaylor/wombat-track-scaffold/wombat-track/src/services/automation/linkIntegrityService.ts","statementMap":{"0":{"start":{"line":7,"column":0},"end":{"line":7,"column":65}},"1":{"start":{"line":8,"column":0},"end":{"line":8,"column":64}},"2":{"start":{"line":9,"column":0},"end":{"line":9,"column":62}},"3":{"start":{"line":60,"column":2},"end":{"line":60,"column":null}},"4":{"start":{"line":61,"column":2},"end":{"line":61,"column":null}},"5":{"start":{"line":66,"column":4},"end":{"line":68,"column":null}},"6":{"start":{"line":67,"column":6},"end":{"line":67,"column":65}},"7":{"start":{"line":69,"column":4},"end":{"line":69,"column":41}},"8":{"start":{"line":73,"column":4},"end":{"line":73,"column":35}},"9":{"start":{"line":73,"column":28},"end":{"line":73,"column":35}},"10":{"start":{"line":76,"column":4},"end":{"line":76,"column":39}},"11":{"start":{"line":77,"column":4},"end":{"line":77,"column":38}},"12":{"start":{"line":79,"column":4},"end":{"line":79,"column":30}},"13":{"start":{"line":86,"column":4},"end":{"line":86,"column":22}},"14":{"start":{"line":88,"column":22},"end":{"line":88,"column":32}},"15":{"start":{"line":89,"column":41},"end":{"line":89,"column":43}},"16":{"start":{"line":91,"column":4},"end":{"line":128,"column":null}},"17":{"start":{"line":93,"column":25},"end":{"line":95,"column":8}},"18":{"start":{"line":97,"column":19},"end":{"line":97,"column":34}},"19":{"start":{"line":100,"column":6},"end":{"line":103,"column":null}},"20":{"start":{"line":101,"column":26},"end":{"line":101,"column":59}},"21":{"start":{"line":102,"column":8},"end":{"line":102,"column":34}},"22":{"start":{"line":105,"column":22},"end":{"line":105,"column":32}},"23":{"start":{"line":106,"column":27},"end":{"line":106,"column":46}},"24":{"start":{"line":109,"column":6},"end":{"line":109,"column":45}},"25":{"start":{"line":111,"column":42},"end":{"line":120,"column":8}},"26":{"start":{"line":113,"column":43},"end":{"line":113,"column":68}},"27":{"start":{"line":114,"column":42},"end":{"line":114,"column":66}},"28":{"start":{"line":115,"column":39},"end":{"line":115,"column":60}},"29":{"start":{"line":122,"column":6},"end":{"line":122,"column":31}},"30":{"start":{"line":123,"column":6},"end":{"line":123,"column":20}},"31":{"start":{"line":126,"column":6},"end":{"line":126,"column":58}},"32":{"start":{"line":127,"column":6},"end":{"line":127,"column":108}},"33":{"start":{"line":135,"column":41},"end":{"line":135,"column":43}},"34":{"start":{"line":138,"column":4},"end":{"line":141,"column":null}},"35":{"start":{"line":139,"column":25},"end":{"line":139,"column":79}},"36":{"start":{"line":140,"column":6},"end":{"line":140,"column":46}},"37":{"start":{"line":140,"column":22},"end":{"line":140,"column":46}},"38":{"start":{"line":144,"column":4},"end":{"line":147,"column":null}},"39":{"start":{"line":145,"column":24},"end":{"line":145,"column":76}},"40":{"start":{"line":146,"column":6},"end":{"line":146,"column":44}},"41":{"start":{"line":146,"column":21},"end":{"line":146,"column":44}},"42":{"start":{"line":150,"column":4},"end":{"line":153,"column":null}},"43":{"start":{"line":151,"column":26},"end":{"line":151,"column":81}},"44":{"start":{"line":152,"column":6},"end":{"line":152,"column":48}},"45":{"start":{"line":152,"column":23},"end":{"line":152,"column":48}},"46":{"start":{"line":156,"column":4},"end":{"line":163,"column":null}},"47":{"start":{"line":157,"column":6},"end":{"line":162,"column":null}},"48":{"start":{"line":158,"column":8},"end":{"line":161,"column":null}},"49":{"start":{"line":159,"column":28},"end":{"line":159,"column":82}},"50":{"start":{"line":160,"column":10},"end":{"line":160,"column":48}},"51":{"start":{"line":160,"column":25},"end":{"line":160,"column":48}},"52":{"start":{"line":165,"column":4},"end":{"line":165,"column":18}},"53":{"start":{"line":173,"column":25},"end":{"line":173,"column":43}},"54":{"start":{"line":175,"column":4},"end":{"line":186,"column":null}},"55":{"start":{"line":176,"column":6},"end":{"line":185,"column":8}},"56":{"start":{"line":189,"column":4},"end":{"line":200,"column":null}},"57":{"start":{"line":190,"column":6},"end":{"line":199,"column":8}},"58":{"start":{"line":202,"column":4},"end":{"line":202,"column":16}},"59":{"start":{"line":210,"column":24},"end":{"line":210,"column":42}},"60":{"start":{"line":212,"column":4},"end":{"line":223,"column":null}},"61":{"start":{"line":213,"column":6},"end":{"line":222,"column":8}},"62":{"start":{"line":226,"column":4},"end":{"line":240,"column":null}},"63":{"start":{"line":227,"column":28},"end":{"line":227,"column":67}},"64":{"start":{"line":228,"column":6},"end":{"line":239,"column":null}},"65":{"start":{"line":229,"column":8},"end":{"line":238,"column":10}},"66":{"start":{"line":242,"column":4},"end":{"line":242,"column":16}},"67":{"start":{"line":250,"column":26},"end":{"line":250,"column":45}},"68":{"start":{"line":252,"column":4},"end":{"line":263,"column":null}},"69":{"start":{"line":253,"column":6},"end":{"line":262,"column":8}},"70":{"start":{"line":266,"column":4},"end":{"line":277,"column":null}},"71":{"start":{"line":267,"column":6},"end":{"line":276,"column":8}},"72":{"start":{"line":279,"column":4},"end":{"line":279,"column":16}},"73":{"start":{"line":286,"column":4},"end":{"line":327,"column":null}},"74":{"start":{"line":287,"column":24},"end":{"line":287,"column":78}},"75":{"start":{"line":289,"column":6},"end":{"line":300,"column":null}},"76":{"start":{"line":290,"column":8},"end":{"line":299,"column":10}},"77":{"start":{"line":303,"column":6},"end":{"line":314,"column":null}},"78":{"start":{"line":303,"column":40},"end":{"line":303,"column":65}},"79":{"start":{"line":304,"column":8},"end":{"line":313,"column":10}},"80":{"start":{"line":317,"column":6},"end":{"line":326,"column":8}},"81":{"start":{"line":329,"column":4},"end":{"line":329,"column":16}},"82":{"start":{"line":336,"column":4},"end":{"line":338,"column":null}},"83":{"start":{"line":337,"column":6},"end":{"line":337,"column":67}},"84":{"start":{"line":345,"column":48},"end":{"line":345,"column":50}},"85":{"start":{"line":347,"column":4},"end":{"line":364,"column":null}},"86":{"start":{"line":348,"column":6},"end":{"line":361,"column":null}},"87":{"start":{"line":350,"column":10},"end":{"line":350,"column":82}},"88":{"start":{"line":351,"column":10},"end":{"line":351,"column":16}},"89":{"start":{"line":353,"column":10},"end":{"line":353,"column":94}},"90":{"start":{"line":354,"column":10},"end":{"line":354,"column":16}},"91":{"start":{"line":356,"column":10},"end":{"line":356,"column":83}},"92":{"start":{"line":357,"column":10},"end":{"line":357,"column":16}},"93":{"start":{"line":359,"column":10},"end":{"line":359,"column":103}},"94":{"start":{"line":360,"column":10},"end":{"line":360,"column":16}},"95":{"start":{"line":363,"column":6},"end":{"line":363,"column":84}},"96":{"start":{"line":366,"column":4},"end":{"line":366,"column":79}},"97":{"start":{"line":366,"column":38},"end":{"line":366,"column":65}},"98":{"start":{"line":373,"column":48},"end":{"line":373,"column":50}},"99":{"start":{"line":376,"column":4},"end":{"line":395,"column":null}},"100":{"start":{"line":377,"column":28},"end":{"line":381,"column":8}},"101":{"start":{"line":383,"column":6},"end":{"line":392,"column":null}},"102":{"start":{"line":384,"column":8},"end":{"line":391,"column":null}},"103":{"start":{"line":385,"column":10},"end":{"line":390,"column":13}},"104":{"start":{"line":394,"column":6},"end":{"line":394,"column":63}},"105":{"start":{"line":398,"column":4},"end":{"line":408,"column":null}},"106":{"start":{"line":399,"column":24},"end":{"line":399,"column":73}},"107":{"start":{"line":400,"column":6},"end":{"line":407,"column":null}},"108":{"start":{"line":401,"column":8},"end":{"line":406,"column":11}},"109":{"start":{"line":410,"column":4},"end":{"line":410,"column":23}},"110":{"start":{"line":417,"column":48},"end":{"line":417,"column":50}},"111":{"start":{"line":419,"column":4},"end":{"line":451,"column":null}},"112":{"start":{"line":421,"column":18},"end":{"line":421,"column":69}},"113":{"start":{"line":422,"column":6},"end":{"line":422,"column":35}},"114":{"start":{"line":422,"column":16},"end":{"line":422,"column":35}},"115":{"start":{"line":425,"column":6},"end":{"line":448,"column":null}},"116":{"start":{"line":426,"column":28},"end":{"line":426,"column":45}},"117":{"start":{"line":429,"column":30},"end":{"line":436,"column":10}},"118":{"start":{"line":438,"column":8},"end":{"line":447,"column":null}},"119":{"start":{"line":439,"column":10},"end":{"line":446,"column":null}},"120":{"start":{"line":440,"column":12},"end":{"line":445,"column":15}},"121":{"start":{"line":450,"column":6},"end":{"line":450,"column":62}},"122":{"start":{"line":453,"column":4},"end":{"line":453,"column":23}},"123":{"start":{"line":460,"column":48},"end":{"line":460,"column":50}},"124":{"start":{"line":463,"column":22},"end":{"line":463,"column":76}},"125":{"start":{"line":464,"column":4},"end":{"line":471,"column":null}},"126":{"start":{"line":465,"column":6},"end":{"line":470,"column":9}},"127":{"start":{"line":474,"column":26},"end":{"line":481,"column":6}},"128":{"start":{"line":483,"column":4},"end":{"line":493,"column":null}},"129":{"start":{"line":484,"column":6},"end":{"line":492,"column":null}},"130":{"start":{"line":486,"column":8},"end":{"line":491,"column":11}},"131":{"start":{"line":495,"column":4},"end":{"line":495,"column":23}},"132":{"start":{"line":502,"column":48},"end":{"line":502,"column":50}},"133":{"start":{"line":504,"column":4},"end":{"line":524,"column":null}},"134":{"start":{"line":506,"column":28},"end":{"line":510,"column":8}},"135":{"start":{"line":512,"column":6},"end":{"line":521,"column":null}},"136":{"start":{"line":513,"column":8},"end":{"line":520,"column":null}},"137":{"start":{"line":514,"column":10},"end":{"line":519,"column":13}},"138":{"start":{"line":523,"column":6},"end":{"line":523,"column":72}},"139":{"start":{"line":526,"column":4},"end":{"line":526,"column":23}},"140":{"start":{"line":533,"column":4},"end":{"line":620,"column":null}},"141":{"start":{"line":534,"column":20},"end":{"line":534,"column":79}},"142":{"start":{"line":534,"column":54},"end":{"line":534,"column":78}},"143":{"start":{"line":535,"column":6},"end":{"line":545,"column":null}},"144":{"start":{"line":536,"column":8},"end":{"line":544,"column":10}},"145":{"start":{"line":548,"column":18},"end":{"line":548,"column":75}},"146":{"start":{"line":549,"column":6},"end":{"line":559,"column":null}},"147":{"start":{"line":550,"column":8},"end":{"line":558,"column":10}},"148":{"start":{"line":562,"column":30},"end":{"line":562,"column":32}},"149":{"start":{"line":564,"column":6},"end":{"line":580,"column":null}},"150":{"start":{"line":566,"column":10},"end":{"line":566,"column":54}},"151":{"start":{"line":567,"column":10},"end":{"line":567,"column":16}},"152":{"start":{"line":569,"column":10},"end":{"line":569,"column":53}},"153":{"start":{"line":570,"column":10},"end":{"line":570,"column":16}},"154":{"start":{"line":572,"column":10},"end":{"line":572,"column":54}},"155":{"start":{"line":573,"column":10},"end":{"line":573,"column":16}},"156":{"start":{"line":575,"column":10},"end":{"line":575,"column":57}},"157":{"start":{"line":576,"column":10},"end":{"line":576,"column":16}},"158":{"start":{"line":579,"column":10},"end":{"line":579,"column":74}},"159":{"start":{"line":583,"column":25},"end":{"line":583,"column":97}},"160":{"start":{"line":585,"column":6},"end":{"line":595,"column":null}},"161":{"start":{"line":586,"column":8},"end":{"line":594,"column":10}},"162":{"start":{"line":598,"column":6},"end":{"line":598,"column":54}},"163":{"start":{"line":600,"column":6},"end":{"line":608,"column":8}},"164":{"start":{"line":611,"column":6},"end":{"line":619,"column":8}},"165":{"start":{"line":627,"column":4},"end":{"line":641,"column":null}},"166":{"start":{"line":628,"column":25},"end":{"line":636,"column":8}},"167":{"start":{"line":638,"column":6},"end":{"line":638,"column":66}},"168":{"start":{"line":640,"column":6},"end":{"line":640,"column":59}},"169":{"start":{"line":648,"column":4},"end":{"line":648,"column":27}},"170":{"start":{"line":656,"column":4},"end":{"line":665,"column":null}},"171":{"start":{"line":657,"column":25},"end":{"line":660,"column":8}},"172":{"start":{"line":662,"column":6},"end":{"line":662,"column":42}},"173":{"start":{"line":664,"column":6},"end":{"line":664,"column":18}},"174":{"start":{"line":670,"column":25},"end":{"line":677,"column":6}},"175":{"start":{"line":679,"column":4},"end":{"line":680,"column":54}},"176":{"start":{"line":687,"column":4},"end":{"line":689,"column":null}},"177":{"start":{"line":688,"column":6},"end":{"line":688,"column":40}},"178":{"start":{"line":691,"column":22},"end":{"line":691,"column":90}},"179":{"start":{"line":691,"column":62},"end":{"line":691,"column":83}},"180":{"start":{"line":693,"column":4},"end":{"line":695,"column":null}},"181":{"start":{"line":694,"column":6},"end":{"line":694,"column":49}},"182":{"start":{"line":697,"column":24},"end":{"line":700,"column":49}},"183":{"start":{"line":698,"column":27},"end":{"line":698,"column":63}},"184":{"start":{"line":699,"column":6},"end":{"line":699,"column":85}},"185":{"start":{"line":702,"column":4},"end":{"line":702,"column":67}},"186":{"start":{"line":58,"column":0},"end":{"line":58,"column":13}},"187":{"start":{"line":706,"column":13},"end":{"line":706,"column":71}}},"fnMap":{"0":{"name":"(anonymous_0)","decl":{"start":{"line":63,"column":2},"end":{"line":63,"column":25}},"loc":{"start":{"line":63,"column":2},"end":{"line":63,"column":26}}},"1":{"name":"(anonymous_1)","decl":{"start":{"line":65,"column":2},"end":{"line":65,"column":8}},"loc":{"start":{"line":65,"column":20},"end":{"line":70,"column":3}}},"2":{"name":"(anonymous_2)","decl":{"start":{"line":72,"column":2},"end":{"line":72,"column":7}},"loc":{"start":{"line":72,"column":12},"end":{"line":80,"column":3}}},"3":{"name":"(anonymous_3)","decl":{"start":{"line":85,"column":2},"end":{"line":85,"column":7}},"loc":{"start":{"line":85,"column":28},"end":{"line":129,"column":3}}},"4":{"name":"(anonymous_4)","decl":{"start":{"line":113,"column":38},"end":{"line":113,"column":39}},"loc":{"start":{"line":113,"column":43},"end":{"line":113,"column":68}}},"5":{"name":"(anonymous_5)","decl":{"start":{"line":114,"column":37},"end":{"line":114,"column":38}},"loc":{"start":{"line":114,"column":42},"end":{"line":114,"column":66}}},"6":{"name":"(anonymous_6)","decl":{"start":{"line":115,"column":34},"end":{"line":115,"column":35}},"loc":{"start":{"line":115,"column":39},"end":{"line":115,"column":60}}},"7":{"name":"(anonymous_7)","decl":{"start":{"line":134,"column":10},"end":{"line":134,"column":15}},"loc":{"start":{"line":134,"column":52},"end":{"line":166,"column":3}}},"8":{"name":"(anonymous_8)","decl":{"start":{"line":171,"column":10},"end":{"line":171,"column":15}},"loc":{"start":{"line":171,"column":71},"end":{"line":203,"column":3}}},"9":{"name":"(anonymous_9)","decl":{"start":{"line":208,"column":10},"end":{"line":208,"column":15}},"loc":{"start":{"line":208,"column":69},"end":{"line":243,"column":3}}},"10":{"name":"(anonymous_10)","decl":{"start":{"line":248,"column":10},"end":{"line":248,"column":15}},"loc":{"start":{"line":248,"column":73},"end":{"line":280,"column":3}}},"11":{"name":"(anonymous_11)","decl":{"start":{"line":285,"column":10},"end":{"line":285,"column":15}},"loc":{"start":{"line":285,"column":75},"end":{"line":330,"column":3}}},"12":{"name":"(anonymous_12)","decl":{"start":{"line":303,"column":32},"end":{"line":303,"column":36}},"loc":{"start":{"line":303,"column":40},"end":{"line":303,"column":65}}},"13":{"name":"(anonymous_13)","decl":{"start":{"line":335,"column":10},"end":{"line":335,"column":15}},"loc":{"start":{"line":335,"column":64},"end":{"line":339,"column":3}}},"14":{"name":"(anonymous_14)","decl":{"start":{"line":344,"column":10},"end":{"line":344,"column":15}},"loc":{"start":{"line":344,"column":64},"end":{"line":367,"column":3}}},"15":{"name":"(anonymous_15)","decl":{"start":{"line":366,"column":28},"end":{"line":366,"column":29}},"loc":{"start":{"line":366,"column":38},"end":{"line":366,"column":65}}},"16":{"name":"(anonymous_16)","decl":{"start":{"line":372,"column":10},"end":{"line":372,"column":15}},"loc":{"start":{"line":372,"column":56},"end":{"line":411,"column":3}}},"17":{"name":"(anonymous_17)","decl":{"start":{"line":416,"column":10},"end":{"line":416,"column":15}},"loc":{"start":{"line":416,"column":70},"end":{"line":454,"column":3}}},"18":{"name":"(anonymous_18)","decl":{"start":{"line":459,"column":10},"end":{"line":459,"column":15}},"loc":{"start":{"line":459,"column":57},"end":{"line":496,"column":3}}},"19":{"name":"(anonymous_19)","decl":{"start":{"line":501,"column":10},"end":{"line":501,"column":15}},"loc":{"start":{"line":501,"column":79},"end":{"line":527,"column":3}}},"20":{"name":"(anonymous_20)","decl":{"start":{"line":532,"column":2},"end":{"line":532,"column":7}},"loc":{"start":{"line":532,"column":42},"end":{"line":621,"column":3}}},"21":{"name":"(anonymous_21)","decl":{"start":{"line":534,"column":49},"end":{"line":534,"column":50}},"loc":{"start":{"line":534,"column":54},"end":{"line":534,"column":78}}},"22":{"name":"(anonymous_22)","decl":{"start":{"line":626,"column":10},"end":{"line":626,"column":15}},"loc":{"start":{"line":626,"column":109},"end":{"line":642,"column":3}}},"23":{"name":"(anonymous_23)","decl":{"start":{"line":647,"column":2},"end":{"line":647,"column":15}},"loc":{"start":{"line":647,"column":15},"end":{"line":649,"column":3}}},"24":{"name":"(anonymous_24)","decl":{"start":{"line":654,"column":10},"end":{"line":654,"column":15}},"loc":{"start":{"line":654,"column":47},"end":{"line":666,"column":3}}},"25":{"name":"(anonymous_25)","decl":{"start":{"line":668,"column":10},"end":{"line":668,"column":15}},"loc":{"start":{"line":668,"column":46},"end":{"line":681,"column":3}}},"26":{"name":"(anonymous_26)","decl":{"start":{"line":686,"column":2},"end":{"line":686,"column":7}},"loc":{"start":{"line":686,"column":44},"end":{"line":703,"column":3}}},"27":{"name":"(anonymous_27)","decl":{"start":{"line":691,"column":53},"end":{"line":691,"column":58}},"loc":{"start":{"line":691,"column":62},"end":{"line":691,"column":83}}},"28":{"name":"(anonymous_28)","decl":{"start":{"line":697,"column":41},"end":{"line":697,"column":42}},"loc":{"start":{"line":697,"column":56},"end":{"line":700,"column":5}}}},"branchMap":{"0":{"loc":{"start":{"line":66,"column":4},"end":{"line":68,"column":null}},"type":"if","locations":[{"start":{"line":66,"column":4},"end":{"line":68,"column":null}}]},"1":{"loc":{"start":{"line":73,"column":4},"end":{"line":73,"column":35}},"type":"if","locations":[{"start":{"line":73,"column":4},"end":{"line":73,"column":35}}]},"2":{"loc":{"start":{"line":127,"column":48},"end":{"line":127,"column":104}},"type":"cond-expr","locations":[{"start":{"line":127,"column":73},"end":{"line":127,"column":86}},{"start":{"line":127,"column":89},"end":{"line":127,"column":104}}]},"3":{"loc":{"start":{"line":138,"column":4},"end":{"line":141,"column":null}},"type":"if","locations":[{"start":{"line":138,"column":4},"end":{"line":141,"column":null}}]},"4":{"loc":{"start":{"line":140,"column":6},"end":{"line":140,"column":46}},"type":"if","locations":[{"start":{"line":140,"column":6},"end":{"line":140,"column":46}}]},"5":{"loc":{"start":{"line":144,"column":4},"end":{"line":147,"column":null}},"type":"if","locations":[{"start":{"line":144,"column":4},"end":{"line":147,"column":null}}]},"6":{"loc":{"start":{"line":146,"column":6},"end":{"line":146,"column":44}},"type":"if","locations":[{"start":{"line":146,"column":6},"end":{"line":146,"column":44}}]},"7":{"loc":{"start":{"line":150,"column":4},"end":{"line":153,"column":null}},"type":"if","locations":[{"start":{"line":150,"column":4},"end":{"line":153,"column":null}}]},"8":{"loc":{"start":{"line":152,"column":6},"end":{"line":152,"column":48}},"type":"if","locations":[{"start":{"line":152,"column":6},"end":{"line":152,"column":48}}]},"9":{"loc":{"start":{"line":156,"column":4},"end":{"line":163,"column":null}},"type":"if","locations":[{"start":{"line":156,"column":4},"end":{"line":163,"column":null}}]},"10":{"loc":{"start":{"line":156,"column":8},"end":{"line":156,"column":41}},"type":"binary-expr","locations":[{"start":{"line":156,"column":8},"end":{"line":156,"column":17}},{"start":{"line":156,"column":21},"end":{"line":156,"column":41}}]},"11":{"loc":{"start":{"line":158,"column":8},"end":{"line":161,"column":null}},"type":"if","locations":[{"start":{"line":158,"column":8},"end":{"line":161,"column":null}}]},"12":{"loc":{"start":{"line":160,"column":10},"end":{"line":160,"column":48}},"type":"if","locations":[{"start":{"line":160,"column":10},"end":{"line":160,"column":48}}]},"13":{"loc":{"start":{"line":175,"column":4},"end":{"line":186,"column":null}},"type":"if","locations":[{"start":{"line":175,"column":4},"end":{"line":186,"column":null}}]},"14":{"loc":{"start":{"line":189,"column":4},"end":{"line":200,"column":null}},"type":"if","locations":[{"start":{"line":189,"column":4},"end":{"line":200,"column":null}}]},"15":{"loc":{"start":{"line":212,"column":4},"end":{"line":223,"column":null}},"type":"if","locations":[{"start":{"line":212,"column":4},"end":{"line":223,"column":null}}]},"16":{"loc":{"start":{"line":226,"column":4},"end":{"line":240,"column":null}},"type":"if","locations":[{"start":{"line":226,"column":4},"end":{"line":240,"column":null}}]},"17":{"loc":{"start":{"line":228,"column":6},"end":{"line":239,"column":null}},"type":"if","locations":[{"start":{"line":228,"column":6},"end":{"line":239,"column":null}}]},"18":{"loc":{"start":{"line":252,"column":4},"end":{"line":263,"column":null}},"type":"if","locations":[{"start":{"line":252,"column":4},"end":{"line":263,"column":null}}]},"19":{"loc":{"start":{"line":266,"column":4},"end":{"line":277,"column":null}},"type":"if","locations":[{"start":{"line":266,"column":4},"end":{"line":277,"column":null}}]},"20":{"loc":{"start":{"line":289,"column":6},"end":{"line":300,"column":null}},"type":"if","locations":[{"start":{"line":289,"column":6},"end":{"line":300,"column":null}}]},"21":{"loc":{"start":{"line":303,"column":6},"end":{"line":314,"column":null}},"type":"if","locations":[{"start":{"line":303,"column":6},"end":{"line":314,"column":null}}]},"22":{"loc":{"start":{"line":324,"column":74},"end":{"line":324,"column":130}},"type":"cond-expr","locations":[{"start":{"line":324,"column":99},"end":{"line":324,"column":112}},{"start":{"line":324,"column":115},"end":{"line":324,"column":130}}]},"23":{"loc":{"start":{"line":348,"column":6},"end":{"line":361,"column":null}},"type":"switch","locations":[{"start":{"line":349,"column":8},"end":{"line":351,"column":16}},{"start":{"line":352,"column":8},"end":{"line":354,"column":16}},{"start":{"line":355,"column":8},"end":{"line":357,"column":16}},{"start":{"line":358,"column":8},"end":{"line":360,"column":16}}]},"24":{"loc":{"start":{"line":384,"column":8},"end":{"line":391,"column":null}},"type":"if","locations":[{"start":{"line":384,"column":8},"end":{"line":391,"column":null}}]},"25":{"loc":{"start":{"line":384,"column":12},"end":{"line":384,"column":81}},"type":"binary-expr","locations":[{"start":{"line":384,"column":12},"end":{"line":384,"column":36}},{"start":{"line":384,"column":40},"end":{"line":384,"column":81}}]},"26":{"loc":{"start":{"line":398,"column":4},"end":{"line":408,"column":null}},"type":"if","locations":[{"start":{"line":398,"column":4},"end":{"line":408,"column":null}}]},"27":{"loc":{"start":{"line":400,"column":6},"end":{"line":407,"column":null}},"type":"if","locations":[{"start":{"line":400,"column":6},"end":{"line":407,"column":null}}]},"28":{"loc":{"start":{"line":422,"column":6},"end":{"line":422,"column":35}},"type":"if","locations":[{"start":{"line":422,"column":6},"end":{"line":422,"column":35}}]},"29":{"loc":{"start":{"line":425,"column":6},"end":{"line":448,"column":null}},"type":"if","locations":[{"start":{"line":425,"column":6},"end":{"line":448,"column":null}}]},"30":{"loc":{"start":{"line":439,"column":10},"end":{"line":446,"column":null}},"type":"if","locations":[{"start":{"line":439,"column":10},"end":{"line":446,"column":null}}]},"31":{"loc":{"start":{"line":464,"column":4},"end":{"line":471,"column":null}},"type":"if","locations":[{"start":{"line":464,"column":4},"end":{"line":471,"column":null}}]},"32":{"loc":{"start":{"line":484,"column":6},"end":{"line":492,"column":null}},"type":"if","locations":[{"start":{"line":484,"column":6},"end":{"line":492,"column":null}}]},"33":{"loc":{"start":{"line":484,"column":10},"end":{"line":485,"column":67}},"type":"binary-expr","locations":[{"start":{"line":484,"column":10},"end":{"line":484,"column":67}},{"start":{"line":485,"column":10},"end":{"line":485,"column":67}}]},"34":{"loc":{"start":{"line":513,"column":8},"end":{"line":520,"column":null}},"type":"if","locations":[{"start":{"line":513,"column":8},"end":{"line":520,"column":null}}]},"35":{"loc":{"start":{"line":535,"column":6},"end":{"line":545,"column":null}},"type":"if","locations":[{"start":{"line":535,"column":6},"end":{"line":545,"column":null}}]},"36":{"loc":{"start":{"line":549,"column":6},"end":{"line":559,"column":null}},"type":"if","locations":[{"start":{"line":549,"column":6},"end":{"line":559,"column":null}}]},"37":{"loc":{"start":{"line":564,"column":6},"end":{"line":580,"column":null}},"type":"switch","locations":[{"start":{"line":565,"column":8},"end":{"line":567,"column":16}},{"start":{"line":568,"column":8},"end":{"line":570,"column":16}},{"start":{"line":571,"column":8},"end":{"line":573,"column":16}},{"start":{"line":574,"column":8},"end":{"line":576,"column":16}},{"start":{"line":578,"column":8},"end":{"line":579,"column":74}}]},"38":{"loc":{"start":{"line":585,"column":6},"end":{"line":595,"column":null}},"type":"if","locations":[{"start":{"line":585,"column":6},"end":{"line":595,"column":null}}]},"39":{"loc":{"start":{"line":618,"column":35},"end":{"line":618,"column":91}},"type":"cond-expr","locations":[{"start":{"line":618,"column":60},"end":{"line":618,"column":73}},{"start":{"line":618,"column":76},"end":{"line":618,"column":91}}]},"40":{"loc":{"start":{"line":679,"column":11},"end":{"line":680,"column":53}},"type":"binary-expr","locations":[{"start":{"line":679,"column":11},"end":{"line":679,"column":42}},{"start":{"line":680,"column":11},"end":{"line":680,"column":53}}]},"41":{"loc":{"start":{"line":687,"column":4},"end":{"line":689,"column":null}},"type":"if","locations":[{"start":{"line":687,"column":4},"end":{"line":689,"column":null}}]},"42":{"loc":{"start":{"line":691,"column":22},"end":{"line":691,"column":90}},"type":"binary-expr","locations":[{"start":{"line":691,"column":22},"end":{"line":691,"column":84}},{"start":{"line":691,"column":88},"end":{"line":691,"column":90}}]},"43":{"loc":{"start":{"line":693,"column":4},"end":{"line":695,"column":null}},"type":"if","locations":[{"start":{"line":693,"column":4},"end":{"line":695,"column":null}}]},"44":{"loc":{"start":{"line":699,"column":13},"end":{"line":699,"column":84}},"type":"cond-expr","locations":[{"start":{"line":699,"column":64},"end":{"line":699,"column":78}},{"start":{"line":699,"column":81},"end":{"line":699,"column":84}}]}},"s":{"0":1,"1":1,"2":1,"3":1,"4":1,"5":1,"6":1,"7":1,"8":28,"9":27,"10":1,"11":1,"12":1,"13":28,"14":28,"15":28,"16":28,"17":28,"18":27,"19":27,"20":81,"21":81,"22":27,"23":27,"24":27,"25":27,"26":108,"27":108,"28":108,"29":27,"30":27,"31":1,"32":1,"33":81,"34":81,"35":81,"36":81,"37":27,"38":81,"39":54,"40":54,"41":27,"42":81,"43":54,"44":54,"45":27,"46":81,"47":27,"48":27,"49":27,"50":27,"51":27,"52":81,"53":81,"54":81,"55":27,"56":54,"57":0,"58":54,"59":54,"60":54,"61":0,"62":54,"63":54,"64":54,"65":27,"66":27,"67":54,"68":54,"69":27,"70":27,"71":0,"72":27,"73":27,"74":27,"75":27,"76":27,"77":0,"78":0,"79":0,"80":0,"81":0,"82":27,"83":108,"84":108,"85":108,"86":108,"87":27,"88":27,"89":27,"90":27,"91":27,"92":27,"93":27,"94":27,"95":0,"96":108,"97":0,"98":27,"99":27,"100":27,"101":26,"102":26,"103":26,"104":1,"105":27,"106":0,"107":0,"108":0,"109":27,"110":27,"111":27,"112":27,"113":27,"114":0,"115":27,"116":27,"117":27,"118":26,"119":26,"120":0,"121":1,"122":27,"123":27,"124":27,"125":27,"126":27,"127":27,"128":27,"129":162,"130":0,"131":27,"132":27,"133":27,"134":27,"135":26,"136":26,"137":26,"138":1,"139":27,"140":8,"141":8,"142":30,"143":8,"144":1,"145":7,"146":7,"147":1,"148":6,"149":6,"150":2,"151":2,"152":1,"153":1,"154":1,"155":1,"156":1,"157":1,"158":1,"159":5,"160":4,"161":0,"162":4,"163":4,"164":2,"165":4,"166":4,"167":4,"168":0,"169":8,"170":54,"171":54,"172":54,"173":0,"174":27,"175":27,"176":3,"177":0,"178":3,"179":12,"180":3,"181":2,"182":1,"183":4,"184":4,"185":1,"186":1,"187":1},"f":{"0":1,"1":1,"2":28,"3":28,"4":108,"5":108,"6":108,"7":81,"8":81,"9":54,"10":54,"11":27,"12":0,"13":27,"14":108,"15":0,"16":27,"17":27,"18":27,"19":27,"20":8,"21":30,"22":4,"23":8,"24":54,"25":27,"26":3,"27":12,"28":4},"b":{"0":[1],"1":[27],"2":[1,0],"3":[81],"4":[27],"5":[54],"6":[27],"7":[54],"8":[27],"9":[27],"10":[81,27],"11":[27],"12":[27],"13":[27],"14":[0],"15":[0],"16":[54],"17":[27],"18":[27],"19":[0],"20":[27],"21":[0],"22":[0,0],"23":[27,27,27,27],"24":[26],"25":[26,26],"26":[0],"27":[0],"28":[0],"29":[27],"30":[0],"31":[27],"32":[0],"33":[162,162],"34":[26],"35":[1],"36":[1],"37":[2,1,1,1,1],"38":[0],"39":[2,0],"40":[27,0],"41":[0],"42":[3,0],"43":[2],"44":[2,2]}}
}
