TN:
SF:src/services/automation/linkIntegrityService.ts
FN:63,(anonymous_0)
FN:65,(anonymous_1)
FN:72,(anonymous_2)
FN:85,(anonymous_3)
FN:113,(anonymous_4)
FN:114,(anonymous_5)
FN:115,(anonymous_6)
FN:134,(anonymous_7)
FN:171,(anonymous_8)
FN:208,(anonymous_9)
FN:248,(anonymous_10)
FN:285,(anonymous_11)
FN:303,(anonymous_12)
FN:335,(anonymous_13)
FN:344,(anonymous_14)
FN:366,(anonymous_15)
FN:372,(anonymous_16)
FN:416,(anonymous_17)
FN:459,(anonymous_18)
FN:501,(anonymous_19)
FN:532,(anonymous_20)
FN:534,(anonymous_21)
FN:626,(anonymous_22)
FN:647,(anonymous_23)
FN:654,(anonymous_24)
FN:668,(anonymous_25)
FN:686,(anonymous_26)
FN:691,(anonymous_27)
FN:697,(anonymous_28)
FNF:29
FNH:27
FNDA:1,(anonymous_0)
FNDA:1,(anonymous_1)
FNDA:28,(anonymous_2)
FNDA:28,(anonymous_3)
FNDA:108,(anonymous_4)
FNDA:108,(anonymous_5)
FNDA:108,(anonymous_6)
FNDA:81,(anonymous_7)
FNDA:81,(anonymous_8)
FNDA:54,(anonymous_9)
FNDA:54,(anonymous_10)
FNDA:27,(anonymous_11)
FNDA:0,(anonymous_12)
FNDA:27,(anonymous_13)
FNDA:108,(anonymous_14)
FNDA:0,(anonymous_15)
FNDA:27,(anonymous_16)
FNDA:27,(anonymous_17)
FNDA:27,(anonymous_18)
FNDA:27,(anonymous_19)
FNDA:8,(anonymous_20)
FNDA:30,(anonymous_21)
FNDA:4,(anonymous_22)
FNDA:8,(anonymous_23)
FNDA:54,(anonymous_24)
FNDA:27,(anonymous_25)
FNDA:3,(anonymous_26)
FNDA:12,(anonymous_27)
FNDA:4,(anonymous_28)
DA:7,1
DA:8,1
DA:9,1
DA:58,1
DA:60,1
DA:61,1
DA:66,1
DA:67,1
DA:69,1
DA:73,28
DA:76,1
DA:77,1
DA:79,1
DA:86,28
DA:88,28
DA:89,28
DA:91,28
DA:93,28
DA:97,27
DA:100,27
DA:101,81
DA:102,81
DA:105,27
DA:106,27
DA:109,27
DA:111,27
DA:113,108
DA:114,108
DA:115,108
DA:122,27
DA:123,27
DA:126,1
DA:127,1
DA:135,81
DA:138,81
DA:139,81
DA:140,81
DA:144,81
DA:145,54
DA:146,54
DA:150,81
DA:151,54
DA:152,54
DA:156,81
DA:157,27
DA:158,27
DA:159,27
DA:160,27
DA:165,81
DA:173,81
DA:175,81
DA:176,27
DA:189,54
DA:190,0
DA:202,54
DA:210,54
DA:212,54
DA:213,0
DA:226,54
DA:227,54
DA:228,54
DA:229,27
DA:242,27
DA:250,54
DA:252,54
DA:253,27
DA:266,27
DA:267,0
DA:279,27
DA:286,27
DA:287,27
DA:289,27
DA:290,27
DA:303,0
DA:304,0
DA:317,0
DA:329,0
DA:336,27
DA:337,108
DA:345,108
DA:347,108
DA:348,108
DA:350,27
DA:351,27
DA:353,27
DA:354,27
DA:356,27
DA:357,27
DA:359,27
DA:360,27
DA:363,0
DA:366,108
DA:373,27
DA:376,27
DA:377,27
DA:383,26
DA:384,26
DA:385,26
DA:394,1
DA:398,27
DA:399,0
DA:400,0
DA:401,0
DA:410,27
DA:417,27
DA:419,27
DA:421,27
DA:422,27
DA:425,27
DA:426,27
DA:429,27
DA:438,26
DA:439,26
DA:440,0
DA:450,1
DA:453,27
DA:460,27
DA:463,27
DA:464,27
DA:465,27
DA:474,27
DA:483,27
DA:484,162
DA:486,0
DA:495,27
DA:502,27
DA:504,27
DA:506,27
DA:512,26
DA:513,26
DA:514,26
DA:523,1
DA:526,27
DA:533,8
DA:534,30
DA:535,8
DA:536,1
DA:548,7
DA:549,7
DA:550,1
DA:562,6
DA:564,6
DA:566,2
DA:567,2
DA:569,1
DA:570,1
DA:572,1
DA:573,1
DA:575,1
DA:576,1
DA:579,1
DA:583,5
DA:585,4
DA:586,0
DA:598,4
DA:600,4
DA:611,2
DA:627,4
DA:628,4
DA:638,4
DA:640,0
DA:648,8
DA:656,54
DA:657,54
DA:662,54
DA:664,0
DA:670,27
DA:679,27
DA:687,3
DA:688,0
DA:691,12
DA:693,3
DA:694,2
DA:697,1
DA:698,4
DA:699,4
DA:702,1
DA:706,1
LF:178
LH:161
BRDA:66,0,0,1
BRDA:73,1,0,27
BRDA:127,2,0,1
BRDA:127,2,1,0
BRDA:138,3,0,81
BRDA:140,4,0,27
BRDA:144,5,0,54
BRDA:146,6,0,27
BRDA:150,7,0,54
BRDA:152,8,0,27
BRDA:156,9,0,27
BRDA:156,10,0,81
BRDA:156,10,1,27
BRDA:158,11,0,27
BRDA:160,12,0,27
BRDA:175,13,0,27
BRDA:189,14,0,0
BRDA:212,15,0,0
BRDA:226,16,0,54
BRDA:228,17,0,27
BRDA:252,18,0,27
BRDA:266,19,0,0
BRDA:289,20,0,27
BRDA:303,21,0,0
BRDA:324,22,0,0
BRDA:324,22,1,0
BRDA:348,23,0,27
BRDA:348,23,1,27
BRDA:348,23,2,27
BRDA:348,23,3,27
BRDA:384,24,0,26
BRDA:384,25,0,26
BRDA:384,25,1,26
BRDA:398,26,0,0
BRDA:400,27,0,0
BRDA:422,28,0,0
BRDA:425,29,0,27
BRDA:439,30,0,0
BRDA:464,31,0,27
BRDA:484,32,0,0
BRDA:484,33,0,162
BRDA:484,33,1,162
BRDA:513,34,0,26
BRDA:535,35,0,1
BRDA:549,36,0,1
BRDA:564,37,0,2
BRDA:564,37,1,1
BRDA:564,37,2,1
BRDA:564,37,3,1
BRDA:564,37,4,1
BRDA:585,38,0,0
BRDA:618,39,0,2
BRDA:618,39,1,0
BRDA:679,40,0,27
BRDA:679,40,1,0
BRDA:687,41,0,0
BRDA:691,42,0,3
BRDA:691,42,1,0
BRDA:693,43,0,2
BRDA:699,44,0,2
BRDA:699,44,1,2
BRF:61
BRH:44
end_of_record
