
> wombat-track@0.1.0 test:oes
> tsx scripts/test-orchestrator-execution.ts 2


[36mâ•â•â• Initializing Test Environment â•â•â•[0m

Mock: Initialized default secrets
[32mâœ… Test environment initialized[0m
[34mâ„¹ï¸  API Key: mock-api...[0m

[36mâ•â•â• Starting Orchestrator Execution Tests â•â•â•[0m


[36mâ•â•â• Testing Instruction Validation â•â•â•[0m

[31mâŒ Validation failed: Invalid version: undefined, Missing instructionId, Missing agentId, Missing timestamp, Missing operation, Missing signature[0m
[32mâœ… Invalid instruction correctly rejected[0m

[36mâ•â•â• Testing File Operations â•â•â•[0m

[34mâ„¹ï¸  Created file sync instruction[0m
[31mâŒ File operation failed: Cannot read properties of undefined (reading 'type')[0m

[36mâ•â•â• Testing Database Operations â•â•â•[0m

[34mâ„¹ï¸  Created governance update instruction[0m
[31mâŒ Database operation failed: Cannot read properties of undefined (reading 'type')[0m

[36mâ•â•â• Testing Execution Status â•â•â•[0m

[34mâ„¹ï¸  Simulating status endpoint call[0m
[32mâœ… Retrieved execution status (simulated)[0m
[34mâ„¹ï¸  Total executions: 3[0m
[34mâ„¹ï¸  Recent executions:[0m
  - test-1: success (2025-08-08T10:39:29.750Z)
  - test-2: success (2025-08-08T10:39:29.750Z)
  - test-3: pending (2025-08-08T10:39:29.750Z)

[36mâ•â•â• Test Results Summary â•â•â•[0m

[32mâœ… Instruction Validation: PASSED[0m
[31mâŒ File Operations: FAILED - Cannot read properties of undefined (reading 'type')[0m
[31mâŒ Database Operations: FAILED - Cannot read properties of undefined (reading 'type')[0m
[32mâœ… Execution Status: PASSED[0m

â•â•â•â•â•â•â•â•â•â•â•â•â•â•â•â•â•â•â•â•â•â•â•â•â•â•â•â•â•â•â•â•â•â•â•â•â•â•â•â•â•â•â•â•â•â•â•â•â•â•
Total Tests: 4
[32mPassed: 2[0m
[31mFailed: 2[0m
â•â•â•â•â•â•â•â•â•â•â•â•â•â•â•â•â•â•â•â•â•â•â•â•â•â•â•â•â•â•â•â•â•â•â•â•â•â•â•â•â•â•â•â•â•â•â•â•â•â•
[31mâŒ 
âš ï¸  2 test(s) failed. Please check the errors above.[0m
